<?xml version="1.0" encoding="UTF-8"?>
<!-- Generated by org.testng.reporters.JUnitReportReporter -->
<testsuite hostname="DESKTOP-MA7LGP5" failures="0" tests="4" name="com.testng.com.Parameter9_01" time="0.023" errors="0" timestamp="2023-01-11T16:09:50 IST" skipped="0">
  <testcase classname="com.testng.com.Parameter9_01" name="alpha" time="0.016"/>
  <testcase classname="com.testng.com.Parameter9_01" name="gamma" time="0.003"/>
  <testcase classname="com.testng.com.Parameter9_01" name="age" time="0.002"/>
  <testcase classname="com.testng.com.Parameter9_01" name="beta" time="0.002"/>
</testsuite> <!-- com.testng.com.Parameter9_01 -->
