<?xml version="1.0" encoding="UTF-8"?>
<!-- Generated by org.testng.reporters.JUnitReportReporter -->
<testsuite hostname="DESKTOP-MA7LGP5" failures="0" tests="3" name="com.testng.com.Parallel10" time="0.031" errors="0" timestamp="2022-10-28T19:54:16 IST" skipped="0">
  <testcase classname="com.testng.com.Parallel10" name="alpha" time="0.004"/>
  <testcase classname="com.testng.com.Parallel10" name="Beta" time="0.021"/>
  <testcase classname="com.testng.com.Parallel10" name="gamma" time="0.006"/>
</testsuite> <!-- com.testng.com.Parallel10 -->
