<?xml version="1.0" encoding="UTF-8"?>
<!-- Generated by org.testng.reporters.JUnitReportReporter -->
<testsuite hostname="DESKTOP-MA7LGP5" failures="0" tests="5" name="com.testng.com.Priority" time="0.020" errors="0" timestamp="2022-05-11T19:05:59 IST" skipped="0">
  <testcase classname="com.testng.com.Priority" name="alpha" time="0.016"/>
  <testcase classname="com.testng.com.Priority" name="beta" time="0.001"/>
  <testcase classname="com.testng.com.Priority" name="symbol" time="0.001"/>
  <testcase classname="com.testng.com.Priority" name="delta" time="0.001"/>
  <testcase classname="com.testng.com.Priority" name="gamma" time="0.001"/>
</testsuite> <!-- com.testng.com.Priority -->
