<?xml version="1.0" encoding="UTF-8"?>
<!-- Generated by org.testng.reporters.JUnitReportReporter -->
<testsuite hostname="DESKTOP-MA7LGP5" failures="0" tests="5" name="com.testng.com.Ignore" time="0.019" errors="0" timestamp="2022-11-02T04:00:11 IST" skipped="2">
  <testcase classname="com.testng.com.Ignore" name="symbol" time="0.001"/>
  <testcase classname="com.testng.com.Ignore" name="delta" time="0.003"/>
  <testcase classname="com.testng.com.Ignore" name="alpha" time="0.015"/>
  <testcase classname="com.testng.com.Ignore" name="gamma">
    <skipped/>
  </testcase> <!-- gamma -->
  <testcase classname="com.testng.com.Ignore" name="beta">
    <skipped/>
  </testcase> <!-- beta -->
</testsuite> <!-- com.testng.com.Ignore -->
