<?xml version="1.0" encoding="UTF-8"?>
<!-- Generated by org.testng.reporters.JUnitReportReporter -->
<testsuite hostname="DESKTOP-MA7LGP5" failures="0" tests="2" name="com.testng.com.Timesout7" time="3.059" errors="0" timestamp="2022-05-16T16:17:20 IST" skipped="0">
  <testcase classname="com.testng.com.Timesout7" name="alpha" time="2.044"/>
  <testcase classname="com.testng.com.Timesout7" name="beta" time="1.015"/>
</testsuite> <!-- com.testng.com.Timesout7 -->
