<?xml version="1.0" encoding="UTF-8"?>
<!-- Generated by org.testng.reporters.JUnitReportReporter -->
<testsuite hostname="DESKTOP-MA7LGP5" failures="0" tests="2" name="com.testng.com.Expectedexpection8" time="0.018" errors="0" timestamp="2022-05-16T16:20:02 IST" skipped="0">
  <testcase classname="com.testng.com.Expectedexpection8" name="beta" time="0.002"/>
  <testcase classname="com.testng.com.Expectedexpection8" name="alpha" time="0.016"/>
</testsuite> <!-- com.testng.com.Expectedexpection8 -->
