<?xml version="1.0" encoding="UTF-8"?>
<!-- Generated by org.testng.reporters.JUnitReportReporter -->
<testsuite hostname="DESKTOP-MA7LGP5" failures="0" tests="2" name="com.testng.com.SimpleAnnotations" time="0.026" errors="0" timestamp="2022-05-11T17:07:49 IST" skipped="0">
  <testcase classname="com.testng.com.SimpleAnnotations" name="searchTshirt" time="0.017"/>
  <testcase classname="com.testng.com.SimpleAnnotations" name="searchbooks" time="0.009"/>
</testsuite> <!-- com.testng.com.SimpleAnnotations -->
