<?xml version="1.0" encoding="UTF-8"?>
<!-- Generated by org.testng.reporters.JUnitReportReporter -->
<testsuite hostname="DESKTOP-MA7LGP5" failures="0" tests="2" name="com.testng.com.Grouping4" time="0.017" errors="0" timestamp="2022-05-16T16:20:50 IST" skipped="0">
  <testcase classname="com.testng.com.Grouping4" name="delta" time="0.016"/>
  <testcase classname="com.testng.com.Grouping4" name="gamma" time="0.001"/>
</testsuite> <!-- com.testng.com.Grouping4 -->
