<?xml version="1.0" encoding="UTF-8"?>
<!-- Generated by org.testng.reporters.JUnitReportReporter -->
<testsuite hostname="DESKTOP-MA7LGP5" failures="0" tests="5" name="com.testng.com.Ignore2" time="0.023" errors="0" timestamp="2022-11-02T04:01:39 IST" skipped="2">
  <testcase classname="com.testng.com.Ignore2" name="delta" time="0.003"/>
  <testcase classname="com.testng.com.Ignore2" name="symbol" time="0.001"/>
  <testcase classname="com.testng.com.Ignore2" name="alpha" time="0.019"/>
  <testcase classname="com.testng.com.Ignore2" name="beta">
    <skipped/>
  </testcase> <!-- beta -->
  <testcase classname="com.testng.com.Ignore2" name="gamma">
    <skipped/>
  </testcase> <!-- gamma -->
</testsuite> <!-- com.testng.com.Ignore2 -->
