<?xml version="1.0" encoding="UTF-8"?>
<!-- Generated by org.testng.reporters.JUnitReportReporter -->
<testsuite hostname="DESKTOP-MA7LGP5" failures="0" tests="5" name="com.testng.com.Dependency5" time="0.023" errors="0" timestamp="2022-05-17T14:56:10 IST" skipped="0">
  <testcase classname="com.testng.com.Dependency5" name="delta" time="0.001"/>
  <testcase classname="com.testng.com.Dependency5" name="symbol" time="0.001"/>
  <testcase classname="com.testng.com.Dependency5" name="alpha" time="0.018"/>
  <testcase classname="com.testng.com.Dependency5" name="gamma" time="0.002"/>
  <testcase classname="com.testng.com.Dependency5" name="beta" time="0.001"/>
</testsuite> <!-- com.testng.com.Dependency5 -->
