<?xml version="1.0" encoding="UTF-8"?>
<!-- Generated by org.testng.reporters.JUnitReportReporter -->
<testsuite hostname="DESKTOP-MA7LGP5" failures="0" tests="9" name="com.testng.com.Invocation6" time="0.029" errors="0" timestamp="2022-05-11T22:30:35 IST" skipped="0">
  <testcase classname="com.testng.com.Invocation6" name="alpha" time="0.016"/>
  <testcase classname="com.testng.com.Invocation6" name="gamma" time="0.001"/>
  <testcase classname="com.testng.com.Invocation6" name="gamma" time="0.002"/>
  <testcase classname="com.testng.com.Invocation6" name="delta" time="0.002"/>
  <testcase classname="com.testng.com.Invocation6" name="gamma" time="0.002"/>
  <testcase classname="com.testng.com.Invocation6" name="beta" time="0.003"/>
  <testcase classname="com.testng.com.Invocation6" name="gamma" time="0.001"/>
  <testcase classname="com.testng.com.Invocation6" name="gamma" time="0.001"/>
  <testcase classname="com.testng.com.Invocation6" name="symbol" time="0.001"/>
</testsuite> <!-- com.testng.com.Invocation6 -->
