<?xml version="1.0" encoding="UTF-8"?>
<!-- Generated by org.testng.reporters.JUnitReportReporter -->
<testsuite hostname="DESKTOP-MA7LGP5" failures="0" tests="3" name="com.testng.com.Parameterdataprovider" time="0.015" errors="0" timestamp="2023-01-11T16:24:31 IST" skipped="0">
  <testcase classname="com.testng.com.Parameterdataprovider" name="method" time="0.002"/>
  <testcase classname="com.testng.com.Parameterdataprovider" name="method" time="0.001"/>
  <testcase classname="com.testng.com.Parameterdataprovider" name="method" time="0.012"/>
</testsuite> <!-- com.testng.com.Parameterdataprovider -->
